<?xml version="1.0" encoding="UTF-8"?>
<!-- Generated by org.testng.reporters.JUnitXMLReporter -->
<testsuite hostname="LAPTOP-VN1CB8H2" failures="1" tests="8" name="Test" time="28.037" errors="0" timestamp="22 Jun 2023 08:30:07 GMT">
  <testcase classname="Operation.BaseClass" name="readtestsuiteandexecutetestcase" time="8.149"/>
  <testcase classname="Operation.BaseClass" name="readtestsuiteandexecutetestcase" time="3.028">
    <failure type="java.lang.AssertionError" message="null">
      <![CDATA[java.lang.AssertionError: null
	at com.tf.excel.readsheet_task.transaction(readsheet_task.java:137)
	at com.tf.excel.readsheet_task.readtask_assheet(readsheet_task.java:111)
	at Operation.UI_Operation.perfrom(UI_Operation.java:47)
	at com.tf.excel.readsheet_task.transaction(readsheet_task.java:132)
	at com.tf.excel.readsheet_task.readtask_assheet(readsheet_task.java:111)
	at Operation.BaseClass.readtestsuiteandexecutetestcase(BaseClass.java:55)
... Removed 26 stack frames]]>
    </failure>
  </testcase> <!-- readtestsuiteandexecutetestcase -->
  <testcase classname="Operation.BaseClass" name="readtestsuiteandexecutetestcase" time="0.003"/>
  <testcase classname="Operation.BaseClass" name="readtestsuiteandexecutetestcase" time="15.804"/>
  <testcase classname="Operation.BaseClass" name="readtestsuiteandexecutetestcase" time="0.003"/>
  <testcase classname="Operation.BaseClass" name="readtestsuiteandexecutetestcase" time="0.012"/>
  <testcase classname="Operation.BaseClass" name="readtestsuiteandexecutetestcase" time="0.002"/>
  <testcase classname="Operation.BaseClass" name="readtestsuiteandexecutetestcase" time="0.002"/>
</testsuite> <!-- Test -->
